<?xml version="1.0" encoding="UTF-8"?>
<testsuite xmlns:xsi="http://www.w3.org/2001/XMLSchema-instance" xsi:noNamespaceSchemaLocation="https://maven.apache.org/surefire/maven-surefire-plugin/xsd/surefire-test-report.xsd" name="com.rowenci.timemachine.TimemachineApplicationTests" time="16.962" tests="2" errors="0" skipped="0" failures="0">
  <properties>
    <property name="sun.desktop" value="windows"/>
    <property name="awt.toolkit" value="sun.awt.windows.WToolkit"/>
    <property name="file.encoding.pkg" value="sun.io"/>
    <property name="java.specification.version" value="1.8"/>
    <property name="sun.cpu.isalist" value="amd64"/>
    <property name="sun.jnu.encoding" value="GBK"/>
    <property name="java.class.path" value="D:\Codes\javacode\timemachine\target\test-classes;D:\Codes\javacode\timemachine\target\classes;D:\apache-maven-3.6.1\repository\org\springframework\boot\spring-boot-starter-web\2.2.2.RELEASE\spring-boot-starter-web-2.2.2.RELEASE.jar;D:\apache-maven-3.6.1\repository\org\springframework\boot\spring-boot-starter\2.2.2.RELEASE\spring-boot-starter-2.2.2.RELEASE.jar;D:\apache-maven-3.6.1\repository\org\springframework\boot\spring-boot\2.2.2.RELEASE\spring-boot-2.2.2.RELEASE.jar;D:\apache-maven-3.6.1\repository\jakarta\annotation\jakarta.annotation-api\1.3.5\jakarta.annotation-api-1.3.5.jar;D:\apache-maven-3.6.1\repository\org\springframework\boot\spring-boot-starter-json\2.2.2.RELEASE\spring-boot-starter-json-2.2.2.RELEASE.jar;D:\apache-maven-3.6.1\repository\com\fasterxml\jackson\datatype\jackson-datatype-jdk8\2.10.1\jackson-datatype-jdk8-2.10.1.jar;D:\apache-maven-3.6.1\repository\com\fasterxml\jackson\datatype\jackson-datatype-jsr310\2.10.1\jackson-datatype-jsr310-2.10.1.jar;D:\apache-maven-3.6.1\repository\com\fasterxml\jackson\module\jackson-module-parameter-names\2.10.1\jackson-module-parameter-names-2.10.1.jar;D:\apache-maven-3.6.1\repository\org\springframework\boot\spring-boot-starter-tomcat\2.2.2.RELEASE\spring-boot-starter-tomcat-2.2.2.RELEASE.jar;D:\apache-maven-3.6.1\repository\org\apache\tomcat\embed\tomcat-embed-core\9.0.29\tomcat-embed-core-9.0.29.jar;D:\apache-maven-3.6.1\repository\org\apache\tomcat\embed\tomcat-embed-el\9.0.29\tomcat-embed-el-9.0.29.jar;D:\apache-maven-3.6.1\repository\org\apache\tomcat\embed\tomcat-embed-websocket\9.0.29\tomcat-embed-websocket-9.0.29.jar;D:\apache-maven-3.6.1\repository\org\springframework\boot\spring-boot-starter-validation\2.2.2.RELEASE\spring-boot-starter-validation-2.2.2.RELEASE.jar;D:\apache-maven-3.6.1\repository\jakarta\validation\jakarta.validation-api\2.0.1\jakarta.validation-api-2.0.1.jar;D:\apache-maven-3.6.1\repository\org\hibernate\validator\hibernate-validator\6.0.18.Final\hibernate-validator-6.0.18.Final.jar;D:\apache-maven-3.6.1\repository\org\jboss\logging\jboss-logging\3.4.1.Final\jboss-logging-3.4.1.Final.jar;D:\apache-maven-3.6.1\repository\com\fasterxml\classmate\1.5.1\classmate-1.5.1.jar;D:\apache-maven-3.6.1\repository\org\springframework\spring-web\5.2.2.RELEASE\spring-web-5.2.2.RELEASE.jar;D:\apache-maven-3.6.1\repository\org\springframework\spring-beans\5.2.2.RELEASE\spring-beans-5.2.2.RELEASE.jar;D:\apache-maven-3.6.1\repository\org\springframework\spring-webmvc\5.2.2.RELEASE\spring-webmvc-5.2.2.RELEASE.jar;D:\apache-maven-3.6.1\repository\org\springframework\spring-aop\5.2.2.RELEASE\spring-aop-5.2.2.RELEASE.jar;D:\apache-maven-3.6.1\repository\org\springframework\spring-context\5.2.2.RELEASE\spring-context-5.2.2.RELEASE.jar;D:\apache-maven-3.6.1\repository\org\springframework\spring-expression\5.2.2.RELEASE\spring-expression-5.2.2.RELEASE.jar;D:\apache-maven-3.6.1\repository\org\springframework\boot\spring-boot-starter-test\2.2.2.RELEASE\spring-boot-starter-test-2.2.2.RELEASE.jar;D:\apache-maven-3.6.1\repository\org\springframework\boot\spring-boot-test\2.2.2.RELEASE\spring-boot-test-2.2.2.RELEASE.jar;D:\apache-maven-3.6.1\repository\org\springframework\boot\spring-boot-test-autoconfigure\2.2.2.RELEASE\spring-boot-test-autoconfigure-2.2.2.RELEASE.jar;D:\apache-maven-3.6.1\repository\com\jayway\jsonpath\json-path\2.4.0\json-path-2.4.0.jar;D:\apache-maven-3.6.1\repository\net\minidev\json-smart\2.3\json-smart-2.3.jar;D:\apache-maven-3.6.1\repository\net\minidev\accessors-smart\1.2\accessors-smart-1.2.jar;D:\apache-maven-3.6.1\repository\org\ow2\asm\asm\5.0.4\asm-5.0.4.jar;D:\apache-maven-3.6.1\repository\jakarta\xml\bind\jakarta.xml.bind-api\2.3.2\jakarta.xml.bind-api-2.3.2.jar;D:\apache-maven-3.6.1\repository\jakarta\activation\jakarta.activation-api\1.2.1\jakarta.activation-api-1.2.1.jar;D:\apache-maven-3.6.1\repository\org\junit\jupiter\junit-jupiter\5.5.2\junit-jupiter-5.5.2.jar;D:\apache-maven-3.6.1\repository\org\junit\jupiter\junit-jupiter-api\5.5.2\junit-jupiter-api-5.5.2.jar;D:\apache-maven-3.6.1\repository\org\apiguardian\apiguardian-api\1.1.0\apiguardian-api-1.1.0.jar;D:\apache-maven-3.6.1\repository\org\opentest4j\opentest4j\1.2.0\opentest4j-1.2.0.jar;D:\apache-maven-3.6.1\repository\org\junit\platform\junit-platform-commons\1.5.2\junit-platform-commons-1.5.2.jar;D:\apache-maven-3.6.1\repository\org\junit\jupiter\junit-jupiter-params\5.5.2\junit-jupiter-params-5.5.2.jar;D:\apache-maven-3.6.1\repository\org\junit\jupiter\junit-jupiter-engine\5.5.2\junit-jupiter-engine-5.5.2.jar;D:\apache-maven-3.6.1\repository\org\junit\platform\junit-platform-engine\1.5.2\junit-platform-engine-1.5.2.jar;D:\apache-maven-3.6.1\repository\org\mockito\mockito-junit-jupiter\3.1.0\mockito-junit-jupiter-3.1.0.jar;D:\apache-maven-3.6.1\repository\org\assertj\assertj-core\3.13.2\assertj-core-3.13.2.jar;D:\apache-maven-3.6.1\repository\org\hamcrest\hamcrest\2.1\hamcrest-2.1.jar;D:\apache-maven-3.6.1\repository\org\mockito\mockito-core\3.1.0\mockito-core-3.1.0.jar;D:\apache-maven-3.6.1\repository\net\bytebuddy\byte-buddy\1.10.4\byte-buddy-1.10.4.jar;D:\apache-maven-3.6.1\repository\net\bytebuddy\byte-buddy-agent\1.10.4\byte-buddy-agent-1.10.4.jar;D:\apache-maven-3.6.1\repository\org\objenesis\objenesis\2.6\objenesis-2.6.jar;D:\apache-maven-3.6.1\repository\org\skyscreamer\jsonassert\1.5.0\jsonassert-1.5.0.jar;D:\apache-maven-3.6.1\repository\com\vaadin\external\google\android-json\0.0.20131108.vaadin1\android-json-0.0.20131108.vaadin1.jar;D:\apache-maven-3.6.1\repository\org\springframework\spring-core\5.2.2.RELEASE\spring-core-5.2.2.RELEASE.jar;D:\apache-maven-3.6.1\repository\org\springframework\spring-jcl\5.2.2.RELEASE\spring-jcl-5.2.2.RELEASE.jar;D:\apache-maven-3.6.1\repository\org\springframework\spring-test\5.2.2.RELEASE\spring-test-5.2.2.RELEASE.jar;D:\apache-maven-3.6.1\repository\org\xmlunit\xmlunit-core\2.6.3\xmlunit-core-2.6.3.jar;D:\apache-maven-3.6.1\repository\org\springframework\boot\spring-boot-starter-thymeleaf\2.2.2.RELEASE\spring-boot-starter-thymeleaf-2.2.2.RELEASE.jar;D:\apache-maven-3.6.1\repository\org\thymeleaf\thymeleaf-spring5\3.0.11.RELEASE\thymeleaf-spring5-3.0.11.RELEASE.jar;D:\apache-maven-3.6.1\repository\org\thymeleaf\thymeleaf\3.0.11.RELEASE\thymeleaf-3.0.11.RELEASE.jar;D:\apache-maven-3.6.1\repository\org\attoparser\attoparser\2.0.5.RELEASE\attoparser-2.0.5.RELEASE.jar;D:\apache-maven-3.6.1\repository\org\unbescape\unbescape\1.1.6.RELEASE\unbescape-1.1.6.RELEASE.jar;D:\apache-maven-3.6.1\repository\org\thymeleaf\extras\thymeleaf-extras-java8time\3.0.4.RELEASE\thymeleaf-extras-java8time-3.0.4.RELEASE.jar;D:\apache-maven-3.6.1\repository\mysql\mysql-connector-java\8.0.18\mysql-connector-java-8.0.18.jar;D:\apache-maven-3.6.1\repository\com\baomidou\mybatis-plus-boot-starter\3.3.0\mybatis-plus-boot-starter-3.3.0.jar;D:\apache-maven-3.6.1\repository\com\baomidou\mybatis-plus\3.3.0\mybatis-plus-3.3.0.jar;D:\apache-maven-3.6.1\repository\org\springframework\boot\spring-boot-autoconfigure\2.2.2.RELEASE\spring-boot-autoconfigure-2.2.2.RELEASE.jar;D:\apache-maven-3.6.1\repository\org\springframework\boot\spring-boot-starter-jdbc\2.2.2.RELEASE\spring-boot-starter-jdbc-2.2.2.RELEASE.jar;D:\apache-maven-3.6.1\repository\com\zaxxer\HikariCP\3.4.1\HikariCP-3.4.1.jar;D:\apache-maven-3.6.1\repository\org\springframework\spring-jdbc\5.2.2.RELEASE\spring-jdbc-5.2.2.RELEASE.jar;D:\apache-maven-3.6.1\repository\com\baomidou\mybatis-plus-generator\3.3.0\mybatis-plus-generator-3.3.0.jar;D:\apache-maven-3.6.1\repository\com\baomidou\mybatis-plus-extension\3.3.0\mybatis-plus-extension-3.3.0.jar;D:\apache-maven-3.6.1\repository\com\baomidou\mybatis-plus-core\3.3.0\mybatis-plus-core-3.3.0.jar;D:\apache-maven-3.6.1\repository\com\baomidou\mybatis-plus-annotation\3.3.0\mybatis-plus-annotation-3.3.0.jar;D:\apache-maven-3.6.1\repository\com\github\jsqlparser\jsqlparser\3.1\jsqlparser-3.1.jar;D:\apache-maven-3.6.1\repository\org\mybatis\mybatis\3.5.3\mybatis-3.5.3.jar;D:\apache-maven-3.6.1\repository\org\mybatis\mybatis-spring\2.0.3\mybatis-spring-2.0.3.jar;D:\apache-maven-3.6.1\repository\org\freemarker\freemarker\2.3.29\freemarker-2.3.29.jar;D:\apache-maven-3.6.1\repository\org\springframework\boot\spring-boot-starter-data-redis\2.2.4.RELEASE\spring-boot-starter-data-redis-2.2.4.RELEASE.jar;D:\apache-maven-3.6.1\repository\org\springframework\data\spring-data-redis\2.2.3.RELEASE\spring-data-redis-2.2.3.RELEASE.jar;D:\apache-maven-3.6.1\repository\org\springframework\data\spring-data-keyvalue\2.2.3.RELEASE\spring-data-keyvalue-2.2.3.RELEASE.jar;D:\apache-maven-3.6.1\repository\org\springframework\data\spring-data-commons\2.2.3.RELEASE\spring-data-commons-2.2.3.RELEASE.jar;D:\apache-maven-3.6.1\repository\org\springframework\spring-oxm\5.2.2.RELEASE\spring-oxm-5.2.2.RELEASE.jar;D:\apache-maven-3.6.1\repository\io\lettuce\lettuce-core\5.2.1.RELEASE\lettuce-core-5.2.1.RELEASE.jar;D:\apache-maven-3.6.1\repository\io\netty\netty-common\4.1.43.Final\netty-common-4.1.43.Final.jar;D:\apache-maven-3.6.1\repository\io\netty\netty-handler\4.1.43.Final\netty-handler-4.1.43.Final.jar;D:\apache-maven-3.6.1\repository\io\netty\netty-buffer\4.1.43.Final\netty-buffer-4.1.43.Final.jar;D:\apache-maven-3.6.1\repository\io\netty\netty-codec\4.1.43.Final\netty-codec-4.1.43.Final.jar;D:\apache-maven-3.6.1\repository\io\netty\netty-transport\4.1.43.Final\netty-transport-4.1.43.Final.jar;D:\apache-maven-3.6.1\repository\io\netty\netty-resolver\4.1.43.Final\netty-resolver-4.1.43.Final.jar;D:\apache-maven-3.6.1\repository\io\projectreactor\reactor-core\3.3.1.RELEASE\reactor-core-3.3.1.RELEASE.jar;D:\apache-maven-3.6.1\repository\org\reactivestreams\reactive-streams\1.0.3\reactive-streams-1.0.3.jar;D:\apache-maven-3.6.1\repository\org\springframework\boot\spring-boot-starter-quartz\2.2.3.RELEASE\spring-boot-starter-quartz-2.2.3.RELEASE.jar;D:\apache-maven-3.6.1\repository\org\springframework\spring-context-support\5.2.2.RELEASE\spring-context-support-5.2.2.RELEASE.jar;D:\apache-maven-3.6.1\repository\org\springframework\spring-tx\5.2.2.RELEASE\spring-tx-5.2.2.RELEASE.jar;D:\apache-maven-3.6.1\repository\org\projectlombok\lombok\1.18.10\lombok-1.18.10.jar;D:\apache-maven-3.6.1\repository\org\quartz-scheduler\quartz\2.3.2\quartz-2.3.2.jar;D:\apache-maven-3.6.1\repository\com\mchange\mchange-commons-java\0.2.15\mchange-commons-java-0.2.15.jar;D:\apache-maven-3.6.1\repository\org\slf4j\slf4j-api\1.7.29\slf4j-api-1.7.29.jar;D:\apache-maven-3.6.1\repository\com\alibaba\fastjson\1.2.62\fastjson-1.2.62.jar;D:\apache-maven-3.6.1\repository\org\springframework\boot\spring-boot-starter-log4j2\2.2.2.RELEASE\spring-boot-starter-log4j2-2.2.2.RELEASE.jar;D:\apache-maven-3.6.1\repository\org\apache\logging\log4j\log4j-slf4j-impl\2.12.1\log4j-slf4j-impl-2.12.1.jar;D:\apache-maven-3.6.1\repository\org\apache\logging\log4j\log4j-api\2.12.1\log4j-api-2.12.1.jar;D:\apache-maven-3.6.1\repository\org\apache\logging\log4j\log4j-core\2.12.1\log4j-core-2.12.1.jar;D:\apache-maven-3.6.1\repository\org\apache\logging\log4j\log4j-jul\2.12.1\log4j-jul-2.12.1.jar;D:\apache-maven-3.6.1\repository\org\slf4j\jul-to-slf4j\1.7.29\jul-to-slf4j-1.7.29.jar;D:\apache-maven-3.6.1\repository\com\fasterxml\jackson\dataformat\jackson-dataformat-yaml\2.10.1\jackson-dataformat-yaml-2.10.1.jar;D:\apache-maven-3.6.1\repository\org\yaml\snakeyaml\1.25\snakeyaml-1.25.jar;D:\apache-maven-3.6.1\repository\com\fasterxml\jackson\core\jackson-core\2.10.1\jackson-core-2.10.1.jar;D:\apache-maven-3.6.1\repository\io\minio\minio\6.0.12\minio-6.0.12.jar;D:\apache-maven-3.6.1\repository\com\google\http-client\google-http-client-xml\1.24.1\google-http-client-xml-1.24.1.jar;D:\apache-maven-3.6.1\repository\com\google\http-client\google-http-client\1.24.1\google-http-client-1.24.1.jar;D:\apache-maven-3.6.1\repository\org\apache\httpcomponents\httpclient\4.5.10\httpclient-4.5.10.jar;D:\apache-maven-3.6.1\repository\org\apache\httpcomponents\httpcore\4.4.12\httpcore-4.4.12.jar;D:\apache-maven-3.6.1\repository\commons-codec\commons-codec\1.13\commons-codec-1.13.jar;D:\apache-maven-3.6.1\repository\xpp3\xpp3\1.1.4c\xpp3-1.1.4c.jar;D:\apache-maven-3.6.1\repository\com\google\guava\guava\25.1-jre\guava-25.1-jre.jar;D:\apache-maven-3.6.1\repository\org\checkerframework\checker-qual\2.0.0\checker-qual-2.0.0.jar;D:\apache-maven-3.6.1\repository\com\google\errorprone\error_prone_annotations\2.1.3\error_prone_annotations-2.1.3.jar;D:\apache-maven-3.6.1\repository\com\google\j2objc\j2objc-annotations\1.1\j2objc-annotations-1.1.jar;D:\apache-maven-3.6.1\repository\org\codehaus\mojo\animal-sniffer-annotations\1.14\animal-sniffer-annotations-1.14.jar;D:\apache-maven-3.6.1\repository\com\squareup\okhttp3\okhttp\3.14.4\okhttp-3.14.4.jar;D:\apache-maven-3.6.1\repository\com\squareup\okio\okio\1.17.2\okio-1.17.2.jar;D:\apache-maven-3.6.1\repository\joda-time\joda-time\2.10.5\joda-time-2.10.5.jar;D:\apache-maven-3.6.1\repository\com\fasterxml\jackson\core\jackson-annotations\2.10.1\jackson-annotations-2.10.1.jar;D:\apache-maven-3.6.1\repository\com\fasterxml\jackson\core\jackson-databind\2.10.1\jackson-databind-2.10.1.jar;D:\apache-maven-3.6.1\repository\com\google\code\findbugs\annotations\3.0.1\annotations-3.0.1.jar;D:\apache-maven-3.6.1\repository\net\jcip\jcip-annotations\1.0\jcip-annotations-1.0.jar;D:\apache-maven-3.6.1\repository\com\google\code\findbugs\jsr305\3.0.2\jsr305-3.0.2.jar;D:\apache-maven-3.6.1\repository\com\google\zxing\core\3.4.0\core-3.4.0.jar;D:\apache-maven-3.6.1\repository\com\alipay\sdk\alipay-sdk-java\4.9.13.ALL\alipay-sdk-java-4.9.13.ALL.jar;D:\apache-maven-3.6.1\repository\commons-logging\commons-logging\1.1.1\commons-logging-1.1.1.jar;D:\apache-maven-3.6.1\repository\org\bouncycastle\bcprov-jdk15on\1.62\bcprov-jdk15on-1.62.jar;D:\apache-maven-3.6.1\repository\org\springframework\boot\spring-boot-starter-mail\2.2.2.RELEASE\spring-boot-starter-mail-2.2.2.RELEASE.jar;D:\apache-maven-3.6.1\repository\com\sun\mail\jakarta.mail\1.6.4\jakarta.mail-1.6.4.jar;D:\apache-maven-3.6.1\repository\com\sun\activation\jakarta.activation\1.2.1\jakarta.activation-1.2.1.jar;"/>
    <property name="java.vm.vendor" value="Oracle Corporation"/>
    <property name="sun.arch.data.model" value="64"/>
    <property name="user.variant" value=""/>
    <property name="java.vendor.url" value="http://java.oracle.com/"/>
    <property name="user.timezone" value="Asia/Shanghai"/>
    <property name="java.vm.specification.version" value="1.8"/>
    <property name="os.name" value="Windows 10"/>
    <property name="user.country" value="CN"/>
    <property name="sun.java.launcher" value="SUN_STANDARD"/>
    <property name="sun.boot.library.path" value="D:\jdk\jre\bin"/>
    <property name="sun.java.command" value="C:\Users\45928\AppData\Local\Temp\surefire1092199331996297551\surefirebooter5782006343456607710.jar C:\Users\45928\AppData\Local\Temp\surefire1092199331996297551 2020-02-12T19-41-18_512-jvmRun1 surefire6866599907333672985tmp surefire_01212459120252648924tmp"/>
    <property name="surefire.test.class.path" value="D:\Codes\javacode\timemachine\target\test-classes;D:\Codes\javacode\timemachine\target\classes;D:\apache-maven-3.6.1\repository\org\springframework\boot\spring-boot-starter-web\2.2.2.RELEASE\spring-boot-starter-web-2.2.2.RELEASE.jar;D:\apache-maven-3.6.1\repository\org\springframework\boot\spring-boot-starter\2.2.2.RELEASE\spring-boot-starter-2.2.2.RELEASE.jar;D:\apache-maven-3.6.1\repository\org\springframework\boot\spring-boot\2.2.2.RELEASE\spring-boot-2.2.2.RELEASE.jar;D:\apache-maven-3.6.1\repository\jakarta\annotation\jakarta.annotation-api\1.3.5\jakarta.annotation-api-1.3.5.jar;D:\apache-maven-3.6.1\repository\org\springframework\boot\spring-boot-starter-json\2.2.2.RELEASE\spring-boot-starter-json-2.2.2.RELEASE.jar;D:\apache-maven-3.6.1\repository\com\fasterxml\jackson\datatype\jackson-datatype-jdk8\2.10.1\jackson-datatype-jdk8-2.10.1.jar;D:\apache-maven-3.6.1\repository\com\fasterxml\jackson\datatype\jackson-datatype-jsr310\2.10.1\jackson-datatype-jsr310-2.10.1.jar;D:\apache-maven-3.6.1\repository\com\fasterxml\jackson\module\jackson-module-parameter-names\2.10.1\jackson-module-parameter-names-2.10.1.jar;D:\apache-maven-3.6.1\repository\org\springframework\boot\spring-boot-starter-tomcat\2.2.2.RELEASE\spring-boot-starter-tomcat-2.2.2.RELEASE.jar;D:\apache-maven-3.6.1\repository\org\apache\tomcat\embed\tomcat-embed-core\9.0.29\tomcat-embed-core-9.0.29.jar;D:\apache-maven-3.6.1\repository\org\apache\tomcat\embed\tomcat-embed-el\9.0.29\tomcat-embed-el-9.0.29.jar;D:\apache-maven-3.6.1\repository\org\apache\tomcat\embed\tomcat-embed-websocket\9.0.29\tomcat-embed-websocket-9.0.29.jar;D:\apache-maven-3.6.1\repository\org\springframework\boot\spring-boot-starter-validation\2.2.2.RELEASE\spring-boot-starter-validation-2.2.2.RELEASE.jar;D:\apache-maven-3.6.1\repository\jakarta\validation\jakarta.validation-api\2.0.1\jakarta.validation-api-2.0.1.jar;D:\apache-maven-3.6.1\repository\org\hibernate\validator\hibernate-validator\6.0.18.Final\hibernate-validator-6.0.18.Final.jar;D:\apache-maven-3.6.1\repository\org\jboss\logging\jboss-logging\3.4.1.Final\jboss-logging-3.4.1.Final.jar;D:\apache-maven-3.6.1\repository\com\fasterxml\classmate\1.5.1\classmate-1.5.1.jar;D:\apache-maven-3.6.1\repository\org\springframework\spring-web\5.2.2.RELEASE\spring-web-5.2.2.RELEASE.jar;D:\apache-maven-3.6.1\repository\org\springframework\spring-beans\5.2.2.RELEASE\spring-beans-5.2.2.RELEASE.jar;D:\apache-maven-3.6.1\repository\org\springframework\spring-webmvc\5.2.2.RELEASE\spring-webmvc-5.2.2.RELEASE.jar;D:\apache-maven-3.6.1\repository\org\springframework\spring-aop\5.2.2.RELEASE\spring-aop-5.2.2.RELEASE.jar;D:\apache-maven-3.6.1\repository\org\springframework\spring-context\5.2.2.RELEASE\spring-context-5.2.2.RELEASE.jar;D:\apache-maven-3.6.1\repository\org\springframework\spring-expression\5.2.2.RELEASE\spring-expression-5.2.2.RELEASE.jar;D:\apache-maven-3.6.1\repository\org\springframework\boot\spring-boot-starter-test\2.2.2.RELEASE\spring-boot-starter-test-2.2.2.RELEASE.jar;D:\apache-maven-3.6.1\repository\org\springframework\boot\spring-boot-test\2.2.2.RELEASE\spring-boot-test-2.2.2.RELEASE.jar;D:\apache-maven-3.6.1\repository\org\springframework\boot\spring-boot-test-autoconfigure\2.2.2.RELEASE\spring-boot-test-autoconfigure-2.2.2.RELEASE.jar;D:\apache-maven-3.6.1\repository\com\jayway\jsonpath\json-path\2.4.0\json-path-2.4.0.jar;D:\apache-maven-3.6.1\repository\net\minidev\json-smart\2.3\json-smart-2.3.jar;D:\apache-maven-3.6.1\repository\net\minidev\accessors-smart\1.2\accessors-smart-1.2.jar;D:\apache-maven-3.6.1\repository\org\ow2\asm\asm\5.0.4\asm-5.0.4.jar;D:\apache-maven-3.6.1\repository\jakarta\xml\bind\jakarta.xml.bind-api\2.3.2\jakarta.xml.bind-api-2.3.2.jar;D:\apache-maven-3.6.1\repository\jakarta\activation\jakarta.activation-api\1.2.1\jakarta.activation-api-1.2.1.jar;D:\apache-maven-3.6.1\repository\org\junit\jupiter\junit-jupiter\5.5.2\junit-jupiter-5.5.2.jar;D:\apache-maven-3.6.1\repository\org\junit\jupiter\junit-jupiter-api\5.5.2\junit-jupiter-api-5.5.2.jar;D:\apache-maven-3.6.1\repository\org\apiguardian\apiguardian-api\1.1.0\apiguardian-api-1.1.0.jar;D:\apache-maven-3.6.1\repository\org\opentest4j\opentest4j\1.2.0\opentest4j-1.2.0.jar;D:\apache-maven-3.6.1\repository\org\junit\platform\junit-platform-commons\1.5.2\junit-platform-commons-1.5.2.jar;D:\apache-maven-3.6.1\repository\org\junit\jupiter\junit-jupiter-params\5.5.2\junit-jupiter-params-5.5.2.jar;D:\apache-maven-3.6.1\repository\org\junit\jupiter\junit-jupiter-engine\5.5.2\junit-jupiter-engine-5.5.2.jar;D:\apache-maven-3.6.1\repository\org\junit\platform\junit-platform-engine\1.5.2\junit-platform-engine-1.5.2.jar;D:\apache-maven-3.6.1\repository\org\mockito\mockito-junit-jupiter\3.1.0\mockito-junit-jupiter-3.1.0.jar;D:\apache-maven-3.6.1\repository\org\assertj\assertj-core\3.13.2\assertj-core-3.13.2.jar;D:\apache-maven-3.6.1\repository\org\hamcrest\hamcrest\2.1\hamcrest-2.1.jar;D:\apache-maven-3.6.1\repository\org\mockito\mockito-core\3.1.0\mockito-core-3.1.0.jar;D:\apache-maven-3.6.1\repository\net\bytebuddy\byte-buddy\1.10.4\byte-buddy-1.10.4.jar;D:\apache-maven-3.6.1\repository\net\bytebuddy\byte-buddy-agent\1.10.4\byte-buddy-agent-1.10.4.jar;D:\apache-maven-3.6.1\repository\org\objenesis\objenesis\2.6\objenesis-2.6.jar;D:\apache-maven-3.6.1\repository\org\skyscreamer\jsonassert\1.5.0\jsonassert-1.5.0.jar;D:\apache-maven-3.6.1\repository\com\vaadin\external\google\android-json\0.0.20131108.vaadin1\android-json-0.0.20131108.vaadin1.jar;D:\apache-maven-3.6.1\repository\org\springframework\spring-core\5.2.2.RELEASE\spring-core-5.2.2.RELEASE.jar;D:\apache-maven-3.6.1\repository\org\springframework\spring-jcl\5.2.2.RELEASE\spring-jcl-5.2.2.RELEASE.jar;D:\apache-maven-3.6.1\repository\org\springframework\spring-test\5.2.2.RELEASE\spring-test-5.2.2.RELEASE.jar;D:\apache-maven-3.6.1\repository\org\xmlunit\xmlunit-core\2.6.3\xmlunit-core-2.6.3.jar;D:\apache-maven-3.6.1\repository\org\springframework\boot\spring-boot-starter-thymeleaf\2.2.2.RELEASE\spring-boot-starter-thymeleaf-2.2.2.RELEASE.jar;D:\apache-maven-3.6.1\repository\org\thymeleaf\thymeleaf-spring5\3.0.11.RELEASE\thymeleaf-spring5-3.0.11.RELEASE.jar;D:\apache-maven-3.6.1\repository\org\thymeleaf\thymeleaf\3.0.11.RELEASE\thymeleaf-3.0.11.RELEASE.jar;D:\apache-maven-3.6.1\repository\org\attoparser\attoparser\2.0.5.RELEASE\attoparser-2.0.5.RELEASE.jar;D:\apache-maven-3.6.1\repository\org\unbescape\unbescape\1.1.6.RELEASE\unbescape-1.1.6.RELEASE.jar;D:\apache-maven-3.6.1\repository\org\thymeleaf\extras\thymeleaf-extras-java8time\3.0.4.RELEASE\thymeleaf-extras-java8time-3.0.4.RELEASE.jar;D:\apache-maven-3.6.1\repository\mysql\mysql-connector-java\8.0.18\mysql-connector-java-8.0.18.jar;D:\apache-maven-3.6.1\repository\com\baomidou\mybatis-plus-boot-starter\3.3.0\mybatis-plus-boot-starter-3.3.0.jar;D:\apache-maven-3.6.1\repository\com\baomidou\mybatis-plus\3.3.0\mybatis-plus-3.3.0.jar;D:\apache-maven-3.6.1\repository\org\springframework\boot\spring-boot-autoconfigure\2.2.2.RELEASE\spring-boot-autoconfigure-2.2.2.RELEASE.jar;D:\apache-maven-3.6.1\repository\org\springframework\boot\spring-boot-starter-jdbc\2.2.2.RELEASE\spring-boot-starter-jdbc-2.2.2.RELEASE.jar;D:\apache-maven-3.6.1\repository\com\zaxxer\HikariCP\3.4.1\HikariCP-3.4.1.jar;D:\apache-maven-3.6.1\repository\org\springframework\spring-jdbc\5.2.2.RELEASE\spring-jdbc-5.2.2.RELEASE.jar;D:\apache-maven-3.6.1\repository\com\baomidou\mybatis-plus-generator\3.3.0\mybatis-plus-generator-3.3.0.jar;D:\apache-maven-3.6.1\repository\com\baomidou\mybatis-plus-extension\3.3.0\mybatis-plus-extension-3.3.0.jar;D:\apache-maven-3.6.1\repository\com\baomidou\mybatis-plus-core\3.3.0\mybatis-plus-core-3.3.0.jar;D:\apache-maven-3.6.1\repository\com\baomidou\mybatis-plus-annotation\3.3.0\mybatis-plus-annotation-3.3.0.jar;D:\apache-maven-3.6.1\repository\com\github\jsqlparser\jsqlparser\3.1\jsqlparser-3.1.jar;D:\apache-maven-3.6.1\repository\org\mybatis\mybatis\3.5.3\mybatis-3.5.3.jar;D:\apache-maven-3.6.1\repository\org\mybatis\mybatis-spring\2.0.3\mybatis-spring-2.0.3.jar;D:\apache-maven-3.6.1\repository\org\freemarker\freemarker\2.3.29\freemarker-2.3.29.jar;D:\apache-maven-3.6.1\repository\org\springframework\boot\spring-boot-starter-data-redis\2.2.4.RELEASE\spring-boot-starter-data-redis-2.2.4.RELEASE.jar;D:\apache-maven-3.6.1\repository\org\springframework\data\spring-data-redis\2.2.3.RELEASE\spring-data-redis-2.2.3.RELEASE.jar;D:\apache-maven-3.6.1\repository\org\springframework\data\spring-data-keyvalue\2.2.3.RELEASE\spring-data-keyvalue-2.2.3.RELEASE.jar;D:\apache-maven-3.6.1\repository\org\springframework\data\spring-data-commons\2.2.3.RELEASE\spring-data-commons-2.2.3.RELEASE.jar;D:\apache-maven-3.6.1\repository\org\springframework\spring-oxm\5.2.2.RELEASE\spring-oxm-5.2.2.RELEASE.jar;D:\apache-maven-3.6.1\repository\io\lettuce\lettuce-core\5.2.1.RELEASE\lettuce-core-5.2.1.RELEASE.jar;D:\apache-maven-3.6.1\repository\io\netty\netty-common\4.1.43.Final\netty-common-4.1.43.Final.jar;D:\apache-maven-3.6.1\repository\io\netty\netty-handler\4.1.43.Final\netty-handler-4.1.43.Final.jar;D:\apache-maven-3.6.1\repository\io\netty\netty-buffer\4.1.43.Final\netty-buffer-4.1.43.Final.jar;D:\apache-maven-3.6.1\repository\io\netty\netty-codec\4.1.43.Final\netty-codec-4.1.43.Final.jar;D:\apache-maven-3.6.1\repository\io\netty\netty-transport\4.1.43.Final\netty-transport-4.1.43.Final.jar;D:\apache-maven-3.6.1\repository\io\netty\netty-resolver\4.1.43.Final\netty-resolver-4.1.43.Final.jar;D:\apache-maven-3.6.1\repository\io\projectreactor\reactor-core\3.3.1.RELEASE\reactor-core-3.3.1.RELEASE.jar;D:\apache-maven-3.6.1\repository\org\reactivestreams\reactive-streams\1.0.3\reactive-streams-1.0.3.jar;D:\apache-maven-3.6.1\repository\org\springframework\boot\spring-boot-starter-quartz\2.2.3.RELEASE\spring-boot-starter-quartz-2.2.3.RELEASE.jar;D:\apache-maven-3.6.1\repository\org\springframework\spring-context-support\5.2.2.RELEASE\spring-context-support-5.2.2.RELEASE.jar;D:\apache-maven-3.6.1\repository\org\springframework\spring-tx\5.2.2.RELEASE\spring-tx-5.2.2.RELEASE.jar;D:\apache-maven-3.6.1\repository\org\projectlombok\lombok\1.18.10\lombok-1.18.10.jar;D:\apache-maven-3.6.1\repository\org\quartz-scheduler\quartz\2.3.2\quartz-2.3.2.jar;D:\apache-maven-3.6.1\repository\com\mchange\mchange-commons-java\0.2.15\mchange-commons-java-0.2.15.jar;D:\apache-maven-3.6.1\repository\org\slf4j\slf4j-api\1.7.29\slf4j-api-1.7.29.jar;D:\apache-maven-3.6.1\repository\com\alibaba\fastjson\1.2.62\fastjson-1.2.62.jar;D:\apache-maven-3.6.1\repository\org\springframework\boot\spring-boot-starter-log4j2\2.2.2.RELEASE\spring-boot-starter-log4j2-2.2.2.RELEASE.jar;D:\apache-maven-3.6.1\repository\org\apache\logging\log4j\log4j-slf4j-impl\2.12.1\log4j-slf4j-impl-2.12.1.jar;D:\apache-maven-3.6.1\repository\org\apache\logging\log4j\log4j-api\2.12.1\log4j-api-2.12.1.jar;D:\apache-maven-3.6.1\repository\org\apache\logging\log4j\log4j-core\2.12.1\log4j-core-2.12.1.jar;D:\apache-maven-3.6.1\repository\org\apache\logging\log4j\log4j-jul\2.12.1\log4j-jul-2.12.1.jar;D:\apache-maven-3.6.1\repository\org\slf4j\jul-to-slf4j\1.7.29\jul-to-slf4j-1.7.29.jar;D:\apache-maven-3.6.1\repository\com\fasterxml\jackson\dataformat\jackson-dataformat-yaml\2.10.1\jackson-dataformat-yaml-2.10.1.jar;D:\apache-maven-3.6.1\repository\org\yaml\snakeyaml\1.25\snakeyaml-1.25.jar;D:\apache-maven-3.6.1\repository\com\fasterxml\jackson\core\jackson-core\2.10.1\jackson-core-2.10.1.jar;D:\apache-maven-3.6.1\repository\io\minio\minio\6.0.12\minio-6.0.12.jar;D:\apache-maven-3.6.1\repository\com\google\http-client\google-http-client-xml\1.24.1\google-http-client-xml-1.24.1.jar;D:\apache-maven-3.6.1\repository\com\google\http-client\google-http-client\1.24.1\google-http-client-1.24.1.jar;D:\apache-maven-3.6.1\repository\org\apache\httpcomponents\httpclient\4.5.10\httpclient-4.5.10.jar;D:\apache-maven-3.6.1\repository\org\apache\httpcomponents\httpcore\4.4.12\httpcore-4.4.12.jar;D:\apache-maven-3.6.1\repository\commons-codec\commons-codec\1.13\commons-codec-1.13.jar;D:\apache-maven-3.6.1\repository\xpp3\xpp3\1.1.4c\xpp3-1.1.4c.jar;D:\apache-maven-3.6.1\repository\com\google\guava\guava\25.1-jre\guava-25.1-jre.jar;D:\apache-maven-3.6.1\repository\org\checkerframework\checker-qual\2.0.0\checker-qual-2.0.0.jar;D:\apache-maven-3.6.1\repository\com\google\errorprone\error_prone_annotations\2.1.3\error_prone_annotations-2.1.3.jar;D:\apache-maven-3.6.1\repository\com\google\j2objc\j2objc-annotations\1.1\j2objc-annotations-1.1.jar;D:\apache-maven-3.6.1\repository\org\codehaus\mojo\animal-sniffer-annotations\1.14\animal-sniffer-annotations-1.14.jar;D:\apache-maven-3.6.1\repository\com\squareup\okhttp3\okhttp\3.14.4\okhttp-3.14.4.jar;D:\apache-maven-3.6.1\repository\com\squareup\okio\okio\1.17.2\okio-1.17.2.jar;D:\apache-maven-3.6.1\repository\joda-time\joda-time\2.10.5\joda-time-2.10.5.jar;D:\apache-maven-3.6.1\repository\com\fasterxml\jackson\core\jackson-annotations\2.10.1\jackson-annotations-2.10.1.jar;D:\apache-maven-3.6.1\repository\com\fasterxml\jackson\core\jackson-databind\2.10.1\jackson-databind-2.10.1.jar;D:\apache-maven-3.6.1\repository\com\google\code\findbugs\annotations\3.0.1\annotations-3.0.1.jar;D:\apache-maven-3.6.1\repository\net\jcip\jcip-annotations\1.0\jcip-annotations-1.0.jar;D:\apache-maven-3.6.1\repository\com\google\code\findbugs\jsr305\3.0.2\jsr305-3.0.2.jar;D:\apache-maven-3.6.1\repository\com\google\zxing\core\3.4.0\core-3.4.0.jar;D:\apache-maven-3.6.1\repository\com\alipay\sdk\alipay-sdk-java\4.9.13.ALL\alipay-sdk-java-4.9.13.ALL.jar;D:\apache-maven-3.6.1\repository\commons-logging\commons-logging\1.1.1\commons-logging-1.1.1.jar;D:\apache-maven-3.6.1\repository\org\bouncycastle\bcprov-jdk15on\1.62\bcprov-jdk15on-1.62.jar;D:\apache-maven-3.6.1\repository\org\springframework\boot\spring-boot-starter-mail\2.2.2.RELEASE\spring-boot-starter-mail-2.2.2.RELEASE.jar;D:\apache-maven-3.6.1\repository\com\sun\mail\jakarta.mail\1.6.4\jakarta.mail-1.6.4.jar;D:\apache-maven-3.6.1\repository\com\sun\activation\jakarta.activation\1.2.1\jakarta.activation-1.2.1.jar;"/>
    <property name="sun.cpu.endian" value="little"/>
    <property name="user.home" value="C:\Users\45928"/>
    <property name="user.language" value="zh"/>
    <property name="java.specification.vendor" value="Oracle Corporation"/>
    <property name="java.home" value="D:\jdk\jre"/>
    <property name="basedir" value="D:\Codes\javacode\timemachine"/>
    <property name="file.separator" value="\"/>
    <property name="line.separator" value="&#10;"/>
    <property name="java.vm.specification.vendor" value="Oracle Corporation"/>
    <property name="java.specification.name" value="Java Platform API Specification"/>
    <property name="java.awt.graphicsenv" value="sun.awt.Win32GraphicsEnvironment"/>
    <property name="surefire.real.class.path" value="C:\Users\45928\AppData\Local\Temp\surefire1092199331996297551\surefirebooter5782006343456607710.jar"/>
    <property name="sun.boot.class.path" value="D:\jdk\jre\lib\resources.jar;D:\jdk\jre\lib\rt.jar;D:\jdk\jre\lib\sunrsasign.jar;D:\jdk\jre\lib\jsse.jar;D:\jdk\jre\lib\jce.jar;D:\jdk\jre\lib\charsets.jar;D:\jdk\jre\lib\jfr.jar;D:\jdk\jre\classes"/>
    <property name="user.script" value=""/>
    <property name="sun.management.compiler" value="HotSpot 64-Bit Tiered Compilers"/>
    <property name="java.runtime.version" value="1.8.0_211-b12"/>
    <property name="user.name" value="rowenci"/>
    <property name="path.separator" value=";"/>
    <property name="os.version" value="10.0"/>
    <property name="java.endorsed.dirs" value="D:\jdk\jre\lib\endorsed"/>
    <property name="java.runtime.name" value="Java(TM) SE Runtime Environment"/>
    <property name="file.encoding" value="GBK"/>
    <property name="java.vm.name" value="Java HotSpot(TM) 64-Bit Server VM"/>
    <property name="localRepository" value="D:\apache-maven-3.6.1\repository"/>
    <property name="java.vendor.url.bug" value="http://bugreport.sun.com/bugreport/"/>
    <property name="java.io.tmpdir" value="C:\Users\45928\AppData\Local\Temp\"/>
    <property name="java.version" value="1.8.0_211"/>
    <property name="user.dir" value="D:\Codes\javacode\timemachine"/>
    <property name="os.arch" value="amd64"/>
    <property name="java.vm.specification.name" value="Java Virtual Machine Specification"/>
    <property name="java.awt.printerjob" value="sun.awt.windows.WPrinterJob"/>
    <property name="idea.version2019.1.3" value="true"/>
    <property name="sun.os.patch.level" value=""/>
    <property name="java.library.path" value="D:\jdk\jre\bin;C:\Windows\Sun\Java\bin;C:\Windows\system32;C:\Windows;D:\xftp\;D:\xshell\;d:\python\Scripts\;d:\python\;C:\Program Files (x86)\Common Files\Oracle\Java\javapath;C:\Windows\system32;C:\Windows;C:\Windows\System32\Wbem;C:\Windows\System32\WindowsPowerShell\v1.0\;C:\Windows\System32\OpenSSH\;D:\go\bin;D:\nodejs\;C:\ProgramData\chocolatey\bin;C:\Users\45928\.windows-build-tools\python27\;C:\Users\45928\AppData\Local\Microsoft\WindowsApps;D:\vscode\Microsoft VS Code\bin;D:\idea\IntelliJ IDEA 2019.1.3\bin;;C:\Users\45928\go\bin;D:\pycharm\PyCharm 2019.1.3\bin;;D:\goland\GoLand 2019.1.3\bin;;D:\WebStorm\WebStorm 2019.3.1\bin;;C:\Users\45928\AppData\Roaming\npm;D:\nodejs;D:\nodejs\node_modules\npm;;."/>
    <property name="java.vm.info" value="mixed mode"/>
    <property name="java.vendor" value="Oracle Corporation"/>
    <property name="java.vm.version" value="25.211-b12"/>
    <property name="java.ext.dirs" value="D:\jdk\jre\lib\ext;C:\Windows\Sun\Java\lib\ext"/>
    <property name="sun.io.unicode.encoding" value="UnicodeLittle"/>
    <property name="maven.repo.local" value="D:\apache-maven-3.6.1\repository"/>
    <property name="java.class.version" value="52.0"/>
  </properties>
  <testcase name="email" classname="com.rowenci.timemachine.TimemachineApplicationTests" time="3.402"/>
  <testcase name="contextLoads" classname="com.rowenci.timemachine.TimemachineApplicationTests" time="0.004"/>
</testsuite>